<?xml version="1.0" encoding="UTF-8"?>
<testng-results ignored="0" total="1" passed="1" failed="0" skipped="0">
  <reporter-output>
  </reporter-output>
  <suite started-at="2021-03-13T20:14:32Z" name="Suite" finished-at="2021-03-13T20:14:44Z" duration-ms="11546">
    <groups>
    </groups>
    <test started-at="2021-03-13T20:14:32Z" name="Test" finished-at="2021-03-13T20:14:44Z" duration-ms="11546">
      <class name="com.ht.testcases.LoginTest">
        <test-method is-config="true" signature="setupSuite()[pri:0, instance:com.ht.testcases.LoginTest@209da20d]" started-at="2021-03-13T20:14:31Z" name="setupSuite" finished-at="2021-03-13T20:14:32Z" duration-ms="1552" status="PASS">
          <reporter-output>
          </reporter-output>
        </test-method> <!-- setupSuite -->
        <test-method is-config="true" signature="setUp()[pri:0, instance:com.ht.testcases.LoginTest@209da20d]" started-at="2021-03-13T20:14:32Z" name="setUp" finished-at="2021-03-13T20:14:39Z" duration-ms="6926" status="PASS">
          <reporter-output>
          </reporter-output>
        </test-method> <!-- setUp -->
        <test-method signature="loginApp()[pri:0, instance:com.ht.testcases.LoginTest@209da20d]" started-at="2021-03-13T20:14:39Z" name="loginApp" finished-at="2021-03-13T20:14:42Z" duration-ms="2705" status="PASS">
          <reporter-output>
          </reporter-output>
        </test-method> <!-- loginApp -->
        <test-method is-config="true" signature="tesrDownMethod(org.testng.ITestResult)[pri:0, instance:com.ht.testcases.LoginTest@209da20d]" started-at="2021-03-13T20:14:42Z" name="tesrDownMethod" finished-at="2021-03-13T20:14:44Z" duration-ms="1680" status="PASS">
          <params>
            <param index="0">
              <value>
                <![CDATA[[TestResult name=loginApp status=SUCCESS method=LoginTest.loginApp()[pri:0, instance:com.ht.testcases.LoginTest@209da20d] output={null}]]]>
              </value>
            </param>
          </params>
          <reporter-output>
          </reporter-output>
        </test-method> <!-- tesrDownMethod -->
        <test-method is-config="true" signature="tearDown()[pri:0, instance:com.ht.testcases.LoginTest@209da20d]" started-at="2021-03-13T20:14:44Z" name="tearDown" finished-at="2021-03-13T20:14:44Z" duration-ms="204" status="PASS">
          <reporter-output>
          </reporter-output>
        </test-method> <!-- tearDown -->
      </class> <!-- com.ht.testcases.LoginTest -->
    </test> <!-- Test -->
  </suite> <!-- Suite -->
</testng-results>
