<?xml version="1.0" encoding="UTF-8"?>
<testng-results ignored="0" total="1" passed="1" failed="0" skipped="0">
  <reporter-output>
  </reporter-output>
  <suite started-at="2021-03-14T13:14:59Z" name="Suite" finished-at="2021-03-14T13:15:13Z" duration-ms="13889">
    <groups>
    </groups>
    <test started-at="2021-03-14T13:14:59Z" name="Test" finished-at="2021-03-14T13:15:13Z" duration-ms="13889">
      <class name="com.ht.testcases.LoginTest">
        <test-method is-config="true" signature="setupSuite()[pri:0, instance:com.ht.testcases.LoginTest@209da20d]" started-at="2021-03-14T13:14:57Z" name="setupSuite" finished-at="2021-03-14T13:14:59Z" duration-ms="1742" status="PASS">
          <reporter-output>
          </reporter-output>
        </test-method> <!-- setupSuite -->
        <test-method is-config="true" signature="setUp()[pri:0, instance:com.ht.testcases.LoginTest@209da20d]" started-at="2021-03-14T13:14:59Z" name="setUp" finished-at="2021-03-14T13:15:08Z" duration-ms="9283" status="PASS">
          <reporter-output>
          </reporter-output>
        </test-method> <!-- setUp -->
        <test-method signature="loginApp()[pri:0, instance:com.ht.testcases.LoginTest@209da20d]" started-at="2021-03-14T13:15:08Z" name="loginApp" finished-at="2021-03-14T13:15:11Z" duration-ms="2664" status="PASS">
          <reporter-output>
          </reporter-output>
        </test-method> <!-- loginApp -->
        <test-method is-config="true" signature="tesrDownMethod(org.testng.ITestResult)[pri:0, instance:com.ht.testcases.LoginTest@209da20d]" started-at="2021-03-14T13:15:11Z" name="tesrDownMethod" finished-at="2021-03-14T13:15:12Z" duration-ms="1657" status="PASS">
          <params>
            <param index="0">
              <value>
                <![CDATA[[TestResult name=loginApp status=SUCCESS method=LoginTest.loginApp()[pri:0, instance:com.ht.testcases.LoginTest@209da20d] output={null}]]]>
              </value>
            </param>
          </params>
          <reporter-output>
          </reporter-output>
        </test-method> <!-- tesrDownMethod -->
        <test-method is-config="true" signature="tearDown()[pri:0, instance:com.ht.testcases.LoginTest@209da20d]" started-at="2021-03-14T13:15:12Z" name="tearDown" finished-at="2021-03-14T13:15:13Z" duration-ms="249" status="PASS">
          <reporter-output>
          </reporter-output>
        </test-method> <!-- tearDown -->
      </class> <!-- com.ht.testcases.LoginTest -->
    </test> <!-- Test -->
  </suite> <!-- Suite -->
</testng-results>
